<?xml version="1.0" encoding="UTF-8"?>
<testng-results ignored="0" total="1" passed="1" failed="0" skipped="0">
  <reporter-output>
  </reporter-output>
  <suite started-at="2022-12-16T00:35:39 IST" name="FileChannelsSuite" finished-at="2022-12-16T00:36:45 IST" duration-ms="65826">
    <groups>
      <group name="Master">
        <method signature="TC_002_VerifySignout.test_login()[pri:0, instance:testCases.TC_002_VerifySignout@2d7275fc]" name="test_login" class="testCases.TC_002_VerifySignout"/>
      </group> <!-- Master -->
      <group name="Sanity">
        <method signature="TC_002_VerifySignout.test_login()[pri:0, instance:testCases.TC_002_VerifySignout@2d7275fc]" name="test_login" class="testCases.TC_002_VerifySignout"/>
      </group> <!-- Sanity -->
    </groups>
    <test started-at="2022-12-16T00:35:39 IST" name="ChromeTests" finished-at="2022-12-16T00:36:45 IST" duration-ms="65826">
      <class name="testCases.TC_002_VerifySignout">
        <test-method is-config="true" signature="setup(java.lang.String)[pri:0, instance:testCases.TC_002_VerifySignout@2d7275fc]" started-at="2022-12-16T00:35:40 IST" name="setup" finished-at="2022-12-16T00:36:14 IST" duration-ms="34256" status="PASS">
          <params>
            <param index="0">
              <value>
                <![CDATA[chrome]]>
              </value>
            </param>
          </params>
          <reporter-output>
          </reporter-output>
        </test-method> <!-- setup -->
        <test-method signature="test_login()[pri:0, instance:testCases.TC_002_VerifySignout@2d7275fc]" started-at="2022-12-16T00:36:14 IST" name="test_login" finished-at="2022-12-16T00:36:45 IST" duration-ms="30791" status="PASS">
          <reporter-output>
          </reporter-output>
        </test-method> <!-- test_login -->
        <test-method is-config="true" signature="tearDown()[pri:0, instance:testCases.TC_002_VerifySignout@2d7275fc]" started-at="2022-12-16T00:36:45 IST" name="tearDown" finished-at="2022-12-16T00:36:45 IST" duration-ms="486" status="PASS">
          <reporter-output>
          </reporter-output>
        </test-method> <!-- tearDown -->
      </class> <!-- testCases.TC_002_VerifySignout -->
    </test> <!-- ChromeTests -->
  </suite> <!-- FileChannelsSuite -->
</testng-results>
