<?xml version="1.0" encoding="UTF-8"?>
<testng-results ignored="0" total="1" passed="1" failed="0" skipped="0">
  <reporter-output>
  </reporter-output>
  <suite started-at="2022-12-15T00:29:23 IST" name="Failed suite [FileChannelsSuite]" finished-at="2022-12-15T00:30:20 IST" duration-ms="56653">
    <groups>
      <group name="Master">
        <method signature="TC_002_VerifySignout.test_login()[pri:0, instance:testCases.TC_002_VerifySignout@26e356f0]" name="test_login" class="testCases.TC_002_VerifySignout"/>
      </group> <!-- Master -->
      <group name="Sanity">
        <method signature="TC_002_VerifySignout.test_login()[pri:0, instance:testCases.TC_002_VerifySignout@26e356f0]" name="test_login" class="testCases.TC_002_VerifySignout"/>
      </group> <!-- Sanity -->
    </groups>
    <test started-at="2022-12-15T00:29:23 IST" name="ChromeTests(failed)" finished-at="2022-12-15T00:30:20 IST" duration-ms="56653">
      <class name="testCases.TC_002_VerifySignout">
        <test-method is-config="true" signature="setup(java.lang.String)[pri:0, instance:testCases.TC_002_VerifySignout@26e356f0]" started-at="2022-12-15T00:29:23 IST" name="setup" finished-at="2022-12-15T00:29:49 IST" duration-ms="25768" status="PASS">
          <params>
            <param index="0">
              <value>
                <![CDATA[firefox]]>
              </value>
            </param>
          </params>
          <reporter-output>
          </reporter-output>
        </test-method> <!-- setup -->
        <test-method signature="test_login()[pri:0, instance:testCases.TC_002_VerifySignout@26e356f0]" started-at="2022-12-15T00:29:49 IST" name="test_login" finished-at="2022-12-15T00:30:18 IST" duration-ms="29228" status="PASS">
          <reporter-output>
          </reporter-output>
        </test-method> <!-- test_login -->
        <test-method is-config="true" signature="tearDown()[pri:0, instance:testCases.TC_002_VerifySignout@26e356f0]" started-at="2022-12-15T00:30:18 IST" name="tearDown" finished-at="2022-12-15T00:30:20 IST" duration-ms="1276" status="PASS">
          <reporter-output>
          </reporter-output>
        </test-method> <!-- tearDown -->
      </class> <!-- testCases.TC_002_VerifySignout -->
    </test> <!-- ChromeTests(failed) -->
  </suite> <!-- Failed suite [FileChannelsSuite] -->
</testng-results>
